<?xml version="1.0" encoding="UTF-8"?>
<!-- Generated by org.testng.reporters.JUnitReportReporter -->
<testsuite hostname="abhinav" failures="0" tests="1" name="testcases.AirConsoleLoginTestCase" time="4.711" errors="0" timestamp="2025-08-19T17:13:34 IST" skipped="0">
  <testcase classname="testcases.AirConsoleLoginTestCase" name="loginTestCase" time="4.711"/>
</testsuite> <!-- testcases.AirConsoleLoginTestCase -->
