<?xml version="1.0" encoding="UTF-8"?>
<!-- Generated by org.testng.reporters.JUnitReportReporter -->
<testsuite hostname="abhinav" failures="0" tests="1" name="testcases.eSanchitTestCase" time="60.505" errors="0" timestamp="2025-08-28T17:15:13 IST" skipped="0">
  <testcase classname="testcases.eSanchitTestCase" name="loginTestCase" time="60.505"/>
</testsuite> <!-- testcases.eSanchitTestCase -->
