<?xml version="1.0" encoding="UTF-8"?>
<!-- Generated by org.testng.reporters.JUnitReportReporter -->
<testsuite hostname="abhinav" failures="0" tests="1" name="testcases.AirConsoleLoginTestCase" time="367.316" errors="0" timestamp="2025-08-28T10:41:11 IST" skipped="0">
  <testcase classname="testcases.AirConsoleLoginTestCase" name="loginTestCase" time="367.316"/>
</testsuite> <!-- testcases.AirConsoleLoginTestCase -->
